05032021: Данные с портала ВТТ успешно получены.
05032021: Запись первичных данных завершена успешно. Итого: 13043
05032021: Данные курса успешно получены: 75
05032021: В базу добавлены новые позиции.
05032021: Формирование прайса успешно завершено. Итого позиций: 13044
05032021: Данные с портала ВТТ успешно получены.
05032021: Запись первичных данных завершена успешно. Итого: 13043
05032021: Данные курса успешно получены: 75
05032021: Формирование прайса успешно завершено. Итого позиций: 13044
20.07.2022-18:57:22 INFO  VTT  СТАРТ начала обновления товаров с ВТТ

20.07.2022-18:58:36 INFO  VTT  Данные с портала ВТТ получены.

20.07.2022-19:24:40 INFO  VTT  Итоговый отчет по процедуре обновления товаров с портала ВТТ.

Количество ошибок при обновления товаров: 0
Количество пропущенных товаров при обновлении: 0

Товаров от ВТТ в нашей базе до начала обновления: 12889 из них отключенных: 0 и на проверке: 0
Товаров от ВТТ в нашей базе после обновления: 13137 из них отключенных: 282 и на проверке: 0

Количество товаров в выгрузке с портала ВТТ: 12731
Количество добавленных товаров в нашу базу: 124
Количество измененных товаров: 0
Количество отключенных товаров (отсутствуют в выгрузке): 0
Количество помеченных НА ПРОВЕРКУ товаров (проблемы при выгрузке): 0
Количество товаров по которым не было изменений (обновлены): 12607

Количество добавленных изображений товаров в нашу базу: 41
Количество измененных изображений товаров в нашей базе: 0
Количество удаленных изображений товаров из нашей базы: 0

Количество добавленных аттрибутов товаров в нашу базу: 0
Количество добавленных моделей товаров в нашу базу: 0
Количество добавленных вендоров товаров в нашу базу: 0
Количество добавленных производителей товаров в нашу базу: 0

Процедура обновления товаров с портала ВТТ завершена.

21.07.2022-19:42:41 ERROR  DB  Ошибка удаления total товара в таблице product_total
product_id: 
provider_id: 2

21.07.2022-19:42:59 ERROR  DB  Ошибка удаления total товара в таблице product_total
product_id: 
provider_id: 2

21.07.2022-19:42:59 ERROR  DB  Ошибка удаления total товара в таблице product_total
product_id: 
provider_id: 2

21.07.2022-19:43:10 ERROR  DB  Ошибка удаления total товара в таблице product_total
product_id: 
provider_id: 2

21.07.2022-19:43:27 ERROR  DB  Ошибка удаления total товара в таблице product_total
product_id: 
provider_id: 2

21.07.2022-19:43:27 ERROR  DB  Ошибка удаления total товара в таблице product_total
product_id: 
provider_id: 2

21.07.2022-19:43:38 ERROR  DB  Ошибка удаления total товара в таблице product_total
product_id: 
provider_id: 2

21.07.2022-19:43:42 ERROR  DB  Ошибка удаления total товара в таблице product_total
product_id: 
provider_id: 2

21.07.2022-19:43:42 ERROR  DB  Ошибка удаления total товара в таблице product_total
product_id: 
provider_id: 2

21.07.2022-19:43:42 ERROR  DB  Ошибка удаления total товара в таблице product_total
product_id: 
provider_id: 2

21.07.2022-19:43:48 ERROR  DB  Ошибка удаления total товара в таблице product_total
product_id: 
provider_id: 2

21.07.2022-19:44:19 ERROR  DB  Ошибка удаления total товара в таблице product_total
product_id: 
provider_id: 2

21.07.2022-19:44:19 ERROR  DB  Ошибка удаления total товара в таблице product_total
product_id: 
provider_id: 2

21.07.2022-19:44:19 ERROR  DB  Ошибка удаления total товара в таблице product_total
product_id: 
provider_id: 2

21.07.2022-19:44:19 ERROR  DB  Ошибка удаления total товара в таблице product_total
product_id: 
provider_id: 2

21.07.2022-19:44:36 ERROR  DB  Ошибка удаления total товара в таблице product_total
product_id: 
provider_id: 2

21.07.2022-19:44:43 ERROR  DB  Ошибка удаления total товара в таблице product_total
product_id: 
provider_id: 2

21.07.2022-19:44:44 ERROR  DB  Ошибка удаления total товара в таблице product_total
product_id: 
provider_id: 2

21.07.2022-19:44:54 ERROR  DB  Ошибка удаления total товара в таблице product_total
product_id: 
provider_id: 2

21.07.2022-19:44:54 ERROR  DB  Ошибка удаления total товара в таблице product_total
product_id: 
provider_id: 2

21.07.2022-19:44:56 ERROR  DB  Ошибка удаления total товара в таблице product_total
product_id: 
provider_id: 2

21.07.2022-19:45:02 ERROR  DB  Ошибка удаления total товара в таблице product_total
product_id: 
provider_id: 2

21.07.2022-19:45:12 ERROR  DB  Ошибка поиска id нашей сущности для сопоставления по id сущности поставщика.
code: product
id сущн. пост.: 11971

