В базу были добавлены новые товары: 
003R97759P
10000151
15011052
15011062
1702RL0UN0
2011000672
2012006001
203060819
203060820
2030608221
2030608224
20310086991
20310086992
20310086993
203100951
207060501
20707000
2070709312
2070709357
20707093933
207070939601
20802701051
20802701052
20802701053
20802701054
208051210
2080730
209083053
209089640
2090896402
2090896403
20909525
20909533
2090965
20910266
20910267
209103631
209103639
220095104
220095105
220095106
220095107
22013643
301020561
301020562
301020563
301020564
3021C002
3022C002
3023C002
3024C002
302V693030
302V693050
303NV07020
4010715508274
41006214
41006228
410069921
53659841p
53659848
536598480
53659848030
53659848040
536598481
5851-7205
6FW06-60001
6ZA11AE
6ZA18AE
901090310011
94010112213
94010115372
960010311
96001033
980361401
98305139
9830844685
9830844796
98308448302
9830844977
9830844982
98308449821
989004943
989004944
98927860
98927861
98927862
98927863
989565660406
9897105
9897106
9897107
9897108
9897124
9897140
9897141
9897142
9897143
9897144
9897145
9897146
9897147
9897160
9897161
9897162
9897163
9897164
990110214
990110215
991110705
991110984
991110985
99111835
9911189060994
9911189060996
9911189060997
99111890616
9956120413
995650123
995986369
A012395U
A0125351
A8P79-60141
B3Q10-60145
B4A39-60008
CN459-67006
CQ890-67093
CZ244-67904
CZ248-67915
D3Q24-67059
DV-1140
DV-1150-GEAR
DV-130
DV-160
FU9-0209
J8A10-67901
JC93-00410F
KYTKUNIV-10KG
L1966-69004
L2753-60001
MPTCOL-100-COS2
MPTCOL-100-KOS2
MPTCOL-100-MOS2
MPTCOL-100-YOS2
RK2-6270
RK2-6942
RM1-9659
RM2-0214
RM2-2130
RM2-2488
RM2-2504
RM2-5134
RM2-5584
RM2-9456
TRHM506-780B
W1A73-60113
