  DATE     CODE  MODULE        MESSAGE
06.11.2021-11:03:30 INFO  VTT  СТАРТ начала обновления товаров с ВТТ

06.11.2021-11:05:45 INFO  VTT  Данные с портала ВТТ получены.

06.11.2021-11:09:58 INFO  VTT  Итоговый отчет по процедуре обновления товаров с портала ВТТ.

Количество ошибок при обновления товаров: 0
Количество пропущенных товаров при обновлении: 0

Товаров от ВТТ в нашей базе до начала обновления: 12823 из них отключенных: 0 и на проверке: 0
Товаров от ВТТ в нашей базе после обновления: 12872 из них отключенных: 139 и на проверке: 0

Количество товаров в выгрузке с портала ВТТ: 12859
Количество добавленных товаров в нашу базу: 49
Количество измененных товаров: 56
Количество отключенных товаров (отсутствуют в выгрузке): 139
Количество помеченных НА ПРОВЕРКУ товаров (проблемы при выгрузке): 0
Количество товаров по которым не было изменений (обновлены): 12628

Количество добавленных изображений товаров в нашу базу: 17
Количество измененных изображений товаров в нашей базе: 0
Количество удаленных изображений товаров из нашей базы: 0

Количество добавленных аттрибутов товаров в нашу базу: 0
Количество добавленных моделей товаров в нашу базу: 39
Количество добавленных вендоров товаров в нашу базу: 0
Количество добавленных производителей товаров в нашу базу: 0

Процедура обновления товаров с портала ВТТ завершена.

06.11.2021-11:12:20 INFO  VTT  СТАРТ начала обновления товаров с ВТТ

06.11.2021-11:14:38 INFO  VTT  Данные с портала ВТТ получены.

06.11.2021-11:18:42 INFO  VTT  Итоговый отчет по процедуре обновления товаров с портала ВТТ.

Количество ошибок при обновления товаров: 0
Количество пропущенных товаров при обновлении: 0

Товаров от ВТТ в нашей базе до начала обновления: 12872 из них отключенных: 139 и на проверке: 0
Товаров от ВТТ в нашей базе после обновления: 12872 из них отключенных: 140 и на проверке: 0

Количество товаров в выгрузке с портала ВТТ: 12859
Количество добавленных товаров в нашу базу: 0
Количество измененных товаров: 45
Количество отключенных товаров (отсутствуют в выгрузке): 1
Количество помеченных НА ПРОВЕРКУ товаров (проблемы при выгрузке): 0
Количество товаров по которым не было изменений (обновлены): 12687

Количество добавленных изображений товаров в нашу базу: 0
Количество измененных изображений товаров в нашей базе: 0
Количество удаленных изображений товаров из нашей базы: 0

Количество добавленных аттрибутов товаров в нашу базу: 0
Количество добавленных моделей товаров в нашу базу: 0
Количество добавленных вендоров товаров в нашу базу: 0
Количество добавленных производителей товаров в нашу базу: 0

Процедура обновления товаров с портала ВТТ завершена.

