  DATE     CODE  MODULE        MESSAGE
07.11.2021-12:00:21 INFO  VTT  СТАРТ начала обновления товаров с ВТТ

07.11.2021-12:01:16 INFO  VTT  Данные с портала ВТТ получены.

07.11.2021-12:06:06 INFO  VTT  Итоговый отчет по процедуре обновления товаров с портала ВТТ.

Количество ошибок при обновления товаров: 0
Количество пропущенных товаров при обновлении: 0

Товаров от ВТТ в нашей базе до начала обновления: 12823 из них отключенных: 0 и на проверке: 0
Товаров от ВТТ в нашей базе после обновления: 12872 из них отключенных: 13 и на проверке: 0

Количество товаров в выгрузке с портала ВТТ: 12859
Количество добавленных товаров в нашу базу: 49
Количество измененных товаров: 149
Количество отключенных товаров (отсутствуют в выгрузке): 13
Количество помеченных НА ПРОВЕРКУ товаров (проблемы при выгрузке): 0
Количество товаров по которым не было изменений (обновлены): 12661

Количество добавленных изображений товаров в нашу базу: 17
Количество измененных изображений товаров в нашей базе: 0
Количество удаленных изображений товаров из нашей базы: 0

Количество добавленных аттрибутов товаров в нашу базу: 0
Количество добавленных моделей товаров в нашу базу: 39
Количество добавленных вендоров товаров в нашу базу: 0
Количество добавленных производителей товаров в нашу базу: 0

Процедура обновления товаров с портала ВТТ завершена.

07.11.2021-12:09:04 INFO  VTT  СТАРТ начала обновления товаров с ВТТ

07.11.2021-12:10:00 INFO  VTT  Данные с портала ВТТ получены.

07.11.2021-12:14:22 INFO  VTT  Итоговый отчет по процедуре обновления товаров с портала ВТТ.

Количество ошибок при обновления товаров: 0
Количество пропущенных товаров при обновлении: 0

Товаров от ВТТ в нашей базе до начала обновления: 12872 из них отключенных: 13 и на проверке: 0
Товаров от ВТТ в нашей базе после обновления: 12872 из них отключенных: 13 и на проверке: 0

Количество товаров в выгрузке с портала ВТТ: 12859
Количество добавленных товаров в нашу базу: 0
Количество измененных товаров: 0
Количество отключенных товаров (отсутствуют в выгрузке): 0
Количество помеченных НА ПРОВЕРКУ товаров (проблемы при выгрузке): 0
Количество товаров по которым не было изменений (обновлены): 12859

Количество добавленных изображений товаров в нашу базу: 0
Количество измененных изображений товаров в нашей базе: 0
Количество удаленных изображений товаров из нашей базы: 0

Количество добавленных аттрибутов товаров в нашу базу: 0
Количество добавленных моделей товаров в нашу базу: 0
Количество добавленных вендоров товаров в нашу базу: 0
Количество добавленных производителей товаров в нашу базу: 0

Процедура обновления товаров с портала ВТТ завершена.

07.11.2021-12:47:34 INFO  VTT  СТАРТ начала обновления товаров с ВТТ

07.11.2021-12:48:31 INFO  VTT  Данные с портала ВТТ получены.

07.11.2021-12:52:57 INFO  VTT  Итоговый отчет по процедуре обновления товаров с портала ВТТ.

Количество ошибок при обновления товаров: 0
Количество пропущенных товаров при обновлении: 0

Товаров от ВТТ в нашей базе до начала обновления: 12872 из них отключенных: 13 и на проверке: 0
Товаров от ВТТ в нашей базе после обновления: 12872 из них отключенных: 13 и на проверке: 0

Количество товаров в выгрузке с портала ВТТ: 12859
Количество добавленных товаров в нашу базу: 0
Количество измененных товаров: 0
Количество отключенных товаров (отсутствуют в выгрузке): 0
Количество помеченных НА ПРОВЕРКУ товаров (проблемы при выгрузке): 0
Количество товаров по которым не было изменений (обновлены): 12859

Количество добавленных изображений товаров в нашу базу: 0
Количество измененных изображений товаров в нашей базе: 0
Количество удаленных изображений товаров из нашей базы: 0

Количество добавленных аттрибутов товаров в нашу базу: 0
Количество добавленных моделей товаров в нашу базу: 0
Количество добавленных вендоров товаров в нашу базу: 0
Количество добавленных производителей товаров в нашу базу: 0

Процедура обновления товаров с портала ВТТ завершена.

08.11.2021-02:44:57 INFO  VTT  СТАРТ начала обновления товаров с ВТТ

08.11.2021-02:45:02 INFO  VTT  СТАРТ начала обновления товаров с ВТТ

08.11.2021-02:45:55 INFO  VTT  Данные с портала ВТТ получены.

08.11.2021-02:45:59 INFO  VTT  Данные с портала ВТТ получены.

08.11.2021-02:46:26 INFO  VTT  СТАРТ начала обновления товаров с ВТТ

08.11.2021-02:47:26 INFO  VTT  Данные с портала ВТТ получены.

08.11.2021-02:48:12 INFO  VTT  СТАРТ начала обновления товаров с ВТТ

08.11.2021-02:49:07 INFO  VTT  Данные с портала ВТТ получены.

08.11.2021-02:50:18 INFO  VTT  Итоговый отчет по процедуре обновления товаров с портала ВТТ.

Количество ошибок при обновления товаров: 0
Количество пропущенных товаров при обновлении: 0

Товаров от ВТТ в нашей базе до начала обновления: 12872 из них отключенных: 13 и на проверке: 0
Товаров от ВТТ в нашей базе после обновления: 12872 из них отключенных: 13 и на проверке: 0

Количество товаров в выгрузке с портала ВТТ: 12859
Количество добавленных товаров в нашу базу: 0
Количество измененных товаров: 0
Количество отключенных товаров (отсутствуют в выгрузке): 0
Количество помеченных НА ПРОВЕРКУ товаров (проблемы при выгрузке): 0
Количество товаров по которым не было изменений (обновлены): 12859

Количество добавленных изображений товаров в нашу базу: 0
Количество измененных изображений товаров в нашей базе: 0
Количество удаленных изображений товаров из нашей базы: 0

Количество добавленных аттрибутов товаров в нашу базу: 0
Количество добавленных моделей товаров в нашу базу: 0
Количество добавленных вендоров товаров в нашу базу: 0
Количество добавленных производителей товаров в нашу базу: 0

Процедура обновления товаров с портала ВТТ завершена.

08.11.2021-02:50:18 INFO  VTT  Итоговый отчет по процедуре обновления товаров с портала ВТТ.

Количество ошибок при обновления товаров: 0
Количество пропущенных товаров при обновлении: 0

Товаров от ВТТ в нашей базе до начала обновления: 12872 из них отключенных: 13 и на проверке: 0
Товаров от ВТТ в нашей базе после обновления: 12872 из них отключенных: 13 и на проверке: 0

Количество товаров в выгрузке с портала ВТТ: 12859
Количество добавленных товаров в нашу базу: 0
Количество измененных товаров: 0
Количество отключенных товаров (отсутствуют в выгрузке): 0
Количество помеченных НА ПРОВЕРКУ товаров (проблемы при выгрузке): 0
Количество товаров по которым не было изменений (обновлены): 12859

Количество добавленных изображений товаров в нашу базу: 0
Количество измененных изображений товаров в нашей базе: 0
Количество удаленных изображений товаров из нашей базы: 0

Количество добавленных аттрибутов товаров в нашу базу: 0
Количество добавленных моделей товаров в нашу базу: 0
Количество добавленных вендоров товаров в нашу базу: 0
Количество добавленных производителей товаров в нашу базу: 0

Процедура обновления товаров с портала ВТТ завершена.

08.11.2021-02:51:27 INFO  VTT  Итоговый отчет по процедуре обновления товаров с портала ВТТ.

Количество ошибок при обновления товаров: 0
Количество пропущенных товаров при обновлении: 0

Товаров от ВТТ в нашей базе до начала обновления: 12872 из них отключенных: 13 и на проверке: 0
Товаров от ВТТ в нашей базе после обновления: 12872 из них отключенных: 13 и на проверке: 0

Количество товаров в выгрузке с портала ВТТ: 12859
Количество добавленных товаров в нашу базу: 0
Количество измененных товаров: 0
Количество отключенных товаров (отсутствуют в выгрузке): 0
Количество помеченных НА ПРОВЕРКУ товаров (проблемы при выгрузке): 0
Количество товаров по которым не было изменений (обновлены): 12859

Количество добавленных изображений товаров в нашу базу: 0
Количество измененных изображений товаров в нашей базе: 0
Количество удаленных изображений товаров из нашей базы: 0

Количество добавленных аттрибутов товаров в нашу базу: 0
Количество добавленных моделей товаров в нашу базу: 0
Количество добавленных вендоров товаров в нашу базу: 0
Количество добавленных производителей товаров в нашу базу: 0

Процедура обновления товаров с портала ВТТ завершена.

08.11.2021-02:54:00 INFO  VTT  Итоговый отчет по процедуре обновления товаров с портала ВТТ.

Количество ошибок при обновления товаров: 0
Количество пропущенных товаров при обновлении: 0

Товаров от ВТТ в нашей базе до начала обновления: 12872 из них отключенных: 13 и на проверке: 0
Товаров от ВТТ в нашей базе после обновления: 12872 из них отключенных: 13 и на проверке: 0

Количество товаров в выгрузке с портала ВТТ: 12859
Количество добавленных товаров в нашу базу: 0
Количество измененных товаров: 0
Количество отключенных товаров (отсутствуют в выгрузке): 0
Количество помеченных НА ПРОВЕРКУ товаров (проблемы при выгрузке): 0
Количество товаров по которым не было изменений (обновлены): 12859

Количество добавленных изображений товаров в нашу базу: 0
Количество измененных изображений товаров в нашей базе: 0
Количество удаленных изображений товаров из нашей базы: 0

Количество добавленных аттрибутов товаров в нашу базу: 0
Количество добавленных моделей товаров в нашу базу: 0
Количество добавленных вендоров товаров в нашу базу: 0
Количество добавленных производителей товаров в нашу базу: 0

Процедура обновления товаров с портала ВТТ завершена.

08.11.2021-04:37:06 INFO  VTT  СТАРТ начала обновления товаров с ВТТ

08.11.2021-04:38:05 INFO  VTT  Данные с портала ВТТ получены.

08.11.2021-04:42:20 INFO  VTT  Итоговый отчет по процедуре обновления товаров с портала ВТТ.

Количество ошибок при обновления товаров: 0
Количество пропущенных товаров при обновлении: 0

Товаров от ВТТ в нашей базе до начала обновления: 12872 из них отключенных: 13 и на проверке: 0
Товаров от ВТТ в нашей базе после обновления: 12872 из них отключенных: 13 и на проверке: 0

Количество товаров в выгрузке с портала ВТТ: 12859
Количество добавленных товаров в нашу базу: 0
Количество измененных товаров: 0
Количество отключенных товаров (отсутствуют в выгрузке): 0
Количество помеченных НА ПРОВЕРКУ товаров (проблемы при выгрузке): 0
Количество товаров по которым не было изменений (обновлены): 12859

Количество добавленных изображений товаров в нашу базу: 0
Количество измененных изображений товаров в нашей базе: 0
Количество удаленных изображений товаров из нашей базы: 0

Количество добавленных аттрибутов товаров в нашу базу: 0
Количество добавленных моделей товаров в нашу базу: 0
Количество добавленных вендоров товаров в нашу базу: 0
Количество добавленных производителей товаров в нашу базу: 0

Процедура обновления товаров с портала ВТТ завершена.

08.11.2021-09:45:29 INFO  VTT  СТАРТ начала обновления товаров с ВТТ

08.11.2021-09:46:29 INFO  VTT  Данные с портала ВТТ получены.

08.11.2021-09:50:33 INFO  VTT  Итоговый отчет по процедуре обновления товаров с портала ВТТ.

Количество ошибок при обновления товаров: 0
Количество пропущенных товаров при обновлении: 0

Товаров от ВТТ в нашей базе до начала обновления: 12872 из них отключенных: 13 и на проверке: 0
Товаров от ВТТ в нашей базе после обновления: 12872 из них отключенных: 13 и на проверке: 0

Количество товаров в выгрузке с портала ВТТ: 12859
Количество добавленных товаров в нашу базу: 0
Количество измененных товаров: 0
Количество отключенных товаров (отсутствуют в выгрузке): 0
Количество помеченных НА ПРОВЕРКУ товаров (проблемы при выгрузке): 0
Количество товаров по которым не было изменений (обновлены): 12859

Количество добавленных изображений товаров в нашу базу: 0
Количество измененных изображений товаров в нашей базе: 0
Количество удаленных изображений товаров из нашей базы: 0

Количество добавленных аттрибутов товаров в нашу базу: 0
Количество добавленных моделей товаров в нашу базу: 0
Количество добавленных вендоров товаров в нашу базу: 0
Количество добавленных производителей товаров в нашу базу: 0

Процедура обновления товаров с портала ВТТ завершена.

23.01.2022-09:36:14 INFO  VTT  СТАРТ начала обновления товаров с ВТТ

23.01.2022-09:37:18 INFO  VTT  Данные с портала ВТТ получены.

23.01.2022-09:41:22 INFO  VTT  Итоговый отчет по процедуре обновления товаров с портала ВТТ.

Количество ошибок при обновления товаров: 0
Количество пропущенных товаров при обновлении: 0

Товаров от ВТТ в нашей базе до начала обновления: 12872 из них отключенных: 13 и на проверке: 0
Товаров от ВТТ в нашей базе после обновления: 12968 из них отключенных: 112 и на проверке: 0

Количество товаров в выгрузке с портала ВТТ: 12856
Количество добавленных товаров в нашу базу: 96
Количество измененных товаров: 473
Количество отключенных товаров (отсутствуют в выгрузке): 99
Количество помеченных НА ПРОВЕРКУ товаров (проблемы при выгрузке): 0
Количество товаров по которым не было изменений (обновлены): 12287

Количество добавленных изображений товаров в нашу базу: 131
Количество измененных изображений товаров в нашей базе: 0
Количество удаленных изображений товаров из нашей базы: 0

Количество добавленных аттрибутов товаров в нашу базу: 2
Количество добавленных моделей товаров в нашу базу: 68
Количество добавленных вендоров товаров в нашу базу: 0
Количество добавленных производителей товаров в нашу базу: 1

Процедура обновления товаров с портала ВТТ завершена.

25.01.2022-09:27:57 INFO  VTT  СТАРТ начала обновления товаров с ВТТ

25.01.2022-09:29:05 INFO  VTT  Данные с портала ВТТ получены.

25.01.2022-09:33:34 INFO  VTT  Итоговый отчет по процедуре обновления товаров с портала ВТТ.

Количество ошибок при обновления товаров: 0
Количество пропущенных товаров при обновлении: 0

Товаров от ВТТ в нашей базе до начала обновления: 12872 из них отключенных: 13 и на проверке: 0
Товаров от ВТТ в нашей базе после обновления: 12967 из них отключенных: 112 и на проверке: 0

Количество товаров в выгрузке с портала ВТТ: 12855
Количество добавленных товаров в нашу базу: 95
Количество измененных товаров: 480
Количество отключенных товаров (отсутствуют в выгрузке): 99
Количество помеченных НА ПРОВЕРКУ товаров (проблемы при выгрузке): 0
Количество товаров по которым не было изменений (обновлены): 12280

Количество добавленных изображений товаров в нашу базу: 131
Количество измененных изображений товаров в нашей базе: 0
Количество удаленных изображений товаров из нашей базы: 0

Количество добавленных аттрибутов товаров в нашу базу: 2
Количество добавленных моделей товаров в нашу базу: 67
Количество добавленных вендоров товаров в нашу базу: 0
Количество добавленных производителей товаров в нашу базу: 1

Процедура обновления товаров с портала ВТТ завершена.

25.01.2022-10:36:43 INFO  VTT  СТАРТ начала обновления товаров с ВТТ

25.01.2022-10:37:52 INFO  VTT  Данные с портала ВТТ получены.

25.01.2022-10:42:35 INFO  VTT  Итоговый отчет по процедуре обновления товаров с портала ВТТ.

Количество ошибок при обновления товаров: 0
Количество пропущенных товаров при обновлении: 0

Товаров от ВТТ в нашей базе до начала обновления: 12872 из них отключенных: 13 и на проверке: 0
Товаров от ВТТ в нашей базе после обновления: 12967 из них отключенных: 112 и на проверке: 0

Количество товаров в выгрузке с портала ВТТ: 12855
Количество добавленных товаров в нашу базу: 95
Количество измененных товаров: 480
Количество отключенных товаров (отсутствуют в выгрузке): 99
Количество помеченных НА ПРОВЕРКУ товаров (проблемы при выгрузке): 0
Количество товаров по которым не было изменений (обновлены): 12280

Количество добавленных изображений товаров в нашу базу: 131
Количество измененных изображений товаров в нашей базе: 0
Количество удаленных изображений товаров из нашей базы: 0

Количество добавленных аттрибутов товаров в нашу базу: 2
Количество добавленных моделей товаров в нашу базу: 67
Количество добавленных вендоров товаров в нашу базу: 0
Количество добавленных производителей товаров в нашу базу: 1

Процедура обновления товаров с портала ВТТ завершена.

26.01.2022-05:27:11 INFO  VTT  СТАРТ начала обновления товаров с ВТТ

26.01.2022-05:28:13 INFO  VTT  Данные с портала ВТТ получены.

26.01.2022-05:32:41 INFO  VTT  Итоговый отчет по процедуре обновления товаров с портала ВТТ.

Количество ошибок при обновления товаров: 0
Количество пропущенных товаров при обновлении: 0

Товаров от ВТТ в нашей базе до начала обновления: 12872 из них отключенных: 13 и на проверке: 0
Товаров от ВТТ в нашей базе после обновления: 12967 из них отключенных: 113 и на проверке: 0

Количество товаров в выгрузке с портала ВТТ: 12854
Количество добавленных товаров в нашу базу: 95
Количество измененных товаров: 482
Количество отключенных товаров (отсутствуют в выгрузке): 100
Количество помеченных НА ПРОВЕРКУ товаров (проблемы при выгрузке): 0
Количество товаров по которым не было изменений (обновлены): 12277

Количество добавленных изображений товаров в нашу базу: 131
Количество измененных изображений товаров в нашей базе: 0
Количество удаленных изображений товаров из нашей базы: 0

Количество добавленных аттрибутов товаров в нашу базу: 2
Количество добавленных моделей товаров в нашу базу: 67
Количество добавленных вендоров товаров в нашу базу: 0
Количество добавленных производителей товаров в нашу базу: 1

Процедура обновления товаров с портала ВТТ завершена.

16.02.2022-03:16:56 INFO  VTT  СТАРТ начала обновления товаров с ВТТ

16.02.2022-03:18:04 INFO  VTT  Данные с портала ВТТ получены.

16.02.2022-03:23:07 INFO  VTT  Итоговый отчет по процедуре обновления товаров с портала ВТТ.

Количество ошибок при обновления товаров: 0
Количество пропущенных товаров при обновлении: 0

Товаров от ВТТ в нашей базе до начала обновления: 12974 из них отключенных: 113 и на проверке: 0
Товаров от ВТТ в нашей базе после обновления: 13008 из них отключенных: 131 и на проверке: 0

Количество товаров в выгрузке с портала ВТТ: 12861
Количество добавленных товаров в нашу базу: 17
Количество измененных товаров: 11
Количество отключенных товаров (отсутствуют в выгрузке): 0
Количество помеченных НА ПРОВЕРКУ товаров (проблемы при выгрузке): 0
Количество товаров по которым не было изменений (обновлены): 12833

Количество добавленных изображений товаров в нашу базу: 1
Количество измененных изображений товаров в нашей базе: 0
Количество удаленных изображений товаров из нашей базы: 0

Количество добавленных аттрибутов товаров в нашу базу: 0
Количество добавленных моделей товаров в нашу базу: 0
Количество добавленных вендоров товаров в нашу базу: 0
Количество добавленных производителей товаров в нашу базу: 0

Процедура обновления товаров с портала ВТТ завершена.

16.02.2022-04:01:51 INFO  VTT  СТАРТ начала обновления товаров с ВТТ

16.02.2022-04:03:08 INFO  VTT  Данные с портала ВТТ получены.

16.02.2022-04:04:08 ERROR  DB  Ошибка добавления записи в Детальный лог
product_id: 19283

16.02.2022-04:04:13 ERROR  DB  Ошибка добавления записи в Детальный лог
product_id: 19974

16.02.2022-04:04:25 ERROR  DB  Ошибка добавления записи в Детальный лог
product_id: 21405

16.02.2022-04:04:37 ERROR  DB  Ошибка добавления записи в Детальный лог
product_id: 23914

16.02.2022-04:04:42 ERROR  DB  Ошибка добавления записи в Детальный лог
product_id: 25003

16.02.2022-04:04:48 INFO  VTT  Итоговый отчет по процедуре обновления товаров с портала ВТТ.

Количество ошибок при обновления товаров: 0
Количество пропущенных товаров при обновлении: 0

Товаров от ВТТ в нашей базе до начала обновления: 0 из них отключенных: 0 и на проверке: 0
Товаров от ВТТ в нашей базе после обновления: 12861 из них отключенных: 0 и на проверке: 0

Количество товаров в выгрузке с портала ВТТ: 12861
Количество добавленных товаров в нашу базу: 12861
Количество измененных товаров: 0
Количество отключенных товаров (отсутствуют в выгрузке): 0
Количество помеченных НА ПРОВЕРКУ товаров (проблемы при выгрузке): 0
Количество товаров по которым не было изменений (обновлены): 0

Количество добавленных изображений товаров в нашу базу: 4627
Количество измененных изображений товаров в нашей базе: 0
Количество удаленных изображений товаров из нашей базы: 0

Количество добавленных аттрибутов товаров в нашу базу: 126
Количество добавленных моделей товаров в нашу базу: 0
Количество добавленных вендоров товаров в нашу базу: 0
Количество добавленных производителей товаров в нашу базу: 0

Процедура обновления товаров с портала ВТТ завершена.

16.02.2022-05:01:44 INFO  VTT  СТАРТ начала обновления товаров с ВТТ

16.02.2022-05:02:58 INFO  VTT  Данные с портала ВТТ получены.

16.02.2022-05:03:40 ERROR  DB  Ошибка добавления записи в Детальный лог
product_id: 32144

16.02.2022-05:03:44 ERROR  DB  Ошибка добавления записи в Детальный лог
product_id: 32835

16.02.2022-05:03:50 ERROR  DB  Ошибка добавления записи в Детальный лог
product_id: 34266

16.02.2022-05:04:02 ERROR  DB  Ошибка добавления записи в Детальный лог
product_id: 36775

16.02.2022-05:04:08 ERROR  DB  Ошибка добавления записи в Детальный лог
product_id: 37864

16.02.2022-05:04:14 INFO  VTT  Итоговый отчет по процедуре обновления товаров с портала ВТТ.

Количество ошибок при обновления товаров: 0
Количество пропущенных товаров при обновлении: 0

Товаров от ВТТ в нашей базе до начала обновления: 0 из них отключенных: 0 и на проверке: 0
Товаров от ВТТ в нашей базе после обновления: 12861 из них отключенных: 0 и на проверке: 0

Количество товаров в выгрузке с портала ВТТ: 12861
Количество добавленных товаров в нашу базу: 12861
Количество измененных товаров: 0
Количество отключенных товаров (отсутствуют в выгрузке): 0
Количество помеченных НА ПРОВЕРКУ товаров (проблемы при выгрузке): 0
Количество товаров по которым не было изменений (обновлены): 0

Количество добавленных изображений товаров в нашу базу: 4627
Количество измененных изображений товаров в нашей базе: 0
Количество удаленных изображений товаров из нашей базы: 0

Количество добавленных аттрибутов товаров в нашу базу: 0
Количество добавленных моделей товаров в нашу базу: 0
Количество добавленных вендоров товаров в нашу базу: 0
Количество добавленных производителей товаров в нашу базу: 0

Процедура обновления товаров с портала ВТТ завершена.

